
> @jupiter-ui/docs@1.0.0 build
> storybook build && touch ./storybook-static/.nojekyll

@storybook/cli v7.0.27

info => Cleaning outputDir: /storybook-static
info => Loading presets
info => Building manager..
info => Manager built (129 ms)
info => Copying static files: /Users/pedrorequiao/webdev/designSystem/node_modules/@storybook/manager/static at /Users/pedrorequiao/webdev/designSystem/packages/docs/storybook-static/sb-common-assets
vite v4.4.4 building for production...

./sb-common-assets/fonts.css doesn't exist at build time, it will remain unchanged to be resolved at runtime
transforming...
../../node_modules/telejson/dist/index.mjs (1394:15) Use of eval in "../../node_modules/telejson/dist/index.mjs" is strongly discouraged as it poses security risks and may cause issues with minification.
../../node_modules/telejson/dist/index.mjs (1397:18) Use of eval in "../../node_modules/telejson/dist/index.mjs" is strongly discouraged as it poses security risks and may cause issues with minification.
✓ 1714 modules transformed.
rendering chunks...
[plugin:vite:reporter] 
(!) /Users/pedrorequiao/webdev/designSystem/node_modules/@storybook/components/dist/index.mjs is dynamically imported by /Users/pedrorequiao/webdev/designSystem/node_modules/@storybook/blocks/dist/index.mjs but also statically imported by /Users/pedrorequiao/webdev/designSystem/node_modules/@storybook/blocks/dist/Color-3YIJY6X7.mjs, /Users/pedrorequiao/webdev/designSystem/node_modules/@storybook/blocks/dist/index.mjs, dynamic import will not move module into another chunk.

computing gzip size...
storybook-static/iframe.html                                          13.03 kB │ gzip:   3.66 kB
storybook-static/assets/TokensGrid-37594f72.css                        0.44 kB │ gzip:   0.22 kB
storybook-static/assets/index-d475d2ea.js                              0.21 kB │ gzip:   0.17 kB │ map:     0.78 kB
storybook-static/assets/index-d303b486.js                              0.25 kB │ gzip:   0.20 kB │ map:     0.10 kB
storybook-static/assets/preview-8da89dfe.js                            0.29 kB │ gzip:   0.25 kB │ map:     0.68 kB
storybook-static/assets/extends-98964cd2.js                            0.29 kB │ gzip:   0.23 kB │ map:     0.95 kB
storybook-static/assets/_commonjsHelpers-725317a4.js                   0.29 kB │ gzip:   0.23 kB │ map:     0.11 kB
storybook-static/assets/DocsRenderer-EYKKDMVH-cc680353.js              0.47 kB │ gzip:   0.29 kB │ map:     0.11 kB
storybook-static/assets/WithTooltip-FBT32F6Q-63ce4682.js               0.50 kB │ gzip:   0.30 kB │ map:     0.11 kB
storybook-static/assets/syntaxhighlighter-QTQ2UBB4-cfa9cba6.js         0.52 kB │ gzip:   0.33 kB │ map:     0.12 kB
storybook-static/assets/index-2292a067.js                              0.53 kB │ gzip:   0.34 kB │ map:     4.23 kB
storybook-static/assets/preview-567d73cf.js                            0.62 kB │ gzip:   0.37 kB │ map:     0.51 kB
storybook-static/assets/Box.stories-36d58b04.js                        0.66 kB │ gzip:   0.42 kB │ map:     0.10 kB
storybook-static/assets/preview-5ef354f3.js                            0.69 kB │ gzip:   0.49 kB │ map:     3.75 kB
storybook-static/assets/Checkbox.stories-d1a907a4.js                   0.75 kB │ gzip:   0.48 kB │ map:     0.11 kB
storybook-static/assets/index-356e4a49.js                              0.81 kB │ gzip:   0.51 kB │ map:     3.22 kB
storybook-static/assets/Tooltip.stories-0fbc52fb.js                    0.83 kB │ gzip:   0.50 kB │ map:     0.11 kB
storybook-static/assets/Toast.stories-e6531c44.js                      0.87 kB │ gzip:   0.55 kB │ map:     0.11 kB
storybook-static/assets/preview-b1164a2e.js                            0.88 kB │ gzip:   0.58 kB │ map:     2.82 kB
storybook-static/assets/AlertDialog.stories-f1281a68.js                0.89 kB │ gzip:   0.55 kB │ map:     0.11 kB
storybook-static/assets/TokensGrid-167dc00b.js                         0.89 kB │ gzip:   0.47 kB │ map:     1.68 kB
storybook-static/assets/Avatar.stories-221e187b.js                     0.94 kB │ gzip:   0.51 kB │ map:     0.11 kB
storybook-static/assets/index-cd35f3de.js                              0.96 kB │ gzip:   0.52 kB │ map:     2.56 kB
storybook-static/assets/jsx-runtime-c3de6e4e.js                        0.97 kB │ gzip:   0.61 kB │ map:     2.21 kB
storybook-static/assets/MultiStep.stories-6f5aceeb.js                  0.99 kB │ gzip:   0.53 kB │ map:     0.12 kB
storybook-static/assets/preview-75be7662.js                            1.05 kB │ gzip:   0.68 kB │ map:     3.16 kB
storybook-static/assets/TextArea.stories-a33c76b7.js                   1.10 kB │ gzip:   0.58 kB │ map:     0.12 kB
storybook-static/assets/home.stories-0dbec388.js                       1.16 kB │ gzip:   0.64 kB │ map:     1.27 kB
storybook-static/assets/radii.stories-98b65c97.js                      1.22 kB │ gzip:   0.65 kB │ map:     1.41 kB
storybook-static/assets/Text.stories-007b6176.js                       1.24 kB │ gzip:   0.67 kB │ map:     0.11 kB
storybook-static/assets/space.stories-0aebc721.js                      1.24 kB │ gzip:   0.66 kB │ map:     1.43 kB
storybook-static/assets/font-weights.stories-290ff353.js               1.25 kB │ gzip:   0.66 kB │ map:     1.46 kB
storybook-static/assets/line-height.stories-7ce466d9.js                1.25 kB │ gzip:   0.66 kB │ map:     1.45 kB
storybook-static/assets/fonts.stories-93a158e2.js                      1.25 kB │ gzip:   0.66 kB │ map:     1.42 kB
storybook-static/assets/font-sizes.stories-7de35a31.js                 1.26 kB │ gzip:   0.67 kB │ map:     1.46 kB
storybook-static/assets/Heading.stories-bed55bda.js                    1.29 kB │ gzip:   0.65 kB │ map:     0.12 kB
storybook-static/assets/TextInput.stories-e6d3f6ab.js                  1.43 kB │ gzip:   0.67 kB │ map:     0.12 kB
storybook-static/assets/colors.stories-05bbdd9e.js                     1.58 kB │ gzip:   0.84 kB │ map:     2.53 kB
storybook-static/assets/preview-a60aa466.js                            2.40 kB │ gzip:   1.25 kB │ map:    10.69 kB
storybook-static/assets/index-d37d4223.js                              2.63 kB │ gzip:   1.30 kB │ map:     7.43 kB
storybook-static/assets/preview-770cc08b.js                            3.22 kB │ gzip:   1.39 kB │ map:    10.13 kB
storybook-static/assets/Button.stories-153d21dc.js                     4.68 kB │ gzip:   1.33 kB │ map:     6.06 kB
storybook-static/assets/preview-d8c963a4.js                            7.67 kB │ gzip:   1.60 kB │ map:    14.11 kB
storybook-static/assets/preview-2cd4e1a1.js                            8.00 kB │ gzip:   3.04 kB │ map:    28.05 kB
storybook-static/assets/GlobalScrollAreaStyles-XIHNDKUY-713a1b59.js   10.48 kB │ gzip:   2.38 kB │ map:    15.68 kB
storybook-static/assets/iframe-1f9ef9ce.js                            11.66 kB │ gzip:   2.26 kB │ map:     8.71 kB
storybook-static/assets/preview-b038cc74.js                           21.08 kB │ gzip:   6.99 kB │ map:    68.16 kB
storybook-static/assets/chunk-4NMOSTKD-052c8761.js                    21.63 kB │ gzip:   7.23 kB │ map:    49.55 kB
storybook-static/assets/Color-3YIJY6X7-7e183cc4.js                    31.10 kB │ gzip:  11.69 kB │ map:   112.22 kB
storybook-static/assets/OverlayScrollbars-VAV6LJAB-018f4320.js        59.05 kB │ gzip:  25.33 kB │ map:   277.69 kB
storybook-static/assets/index-cfc481c4.js                             78.74 kB │ gzip:  23.64 kB │ map:   320.03 kB
storybook-static/assets/index-7df5643f.js                            114.62 kB │ gzip:  37.36 kB │ map:   606.80 kB
storybook-static/assets/index-65d0a824.js                            141.33 kB │ gzip:  45.51 kB │ map:   344.64 kB
storybook-static/assets/config-730c09f7.js                           323.29 kB │ gzip:  99.53 kB │ map: 1,160.53 kB
storybook-static/assets/chunk-PCJTTTQV-a2359d0a.js                   481.85 kB │ gzip: 158.31 kB │ map: 1,389.83 kB
storybook-static/assets/axe-115644bd.js                              535.60 kB │ gzip: 146.95 kB │ map: 1,920.38 kB
storybook-static/assets/formatter-S4K5WUZV-3fb179e5.js               601.70 kB │ gzip: 185.07 kB │ map: 1,318.57 kB

(!) Some chunks are larger than 500 kBs after minification. Consider:
- Using dynamic import() to code-split the application
- Use build.rollupOptions.output.manualChunks to improve chunking: https://rollupjs.org/configuration-options/#output-manualchunks
- Adjust chunk size limit for this warning via build.chunkSizeWarningLimit.
✓ built in 8.67s
info => Output directory: /Users/pedrorequiao/webdev/designSystem/packages/docs/storybook-static
